Using pre-set license
Built from '2020.3/staging' branch; Version is '2020.3.9f1 (108be757e447) revision 1084391'; Using compiler version '192528614'; Build Type 'Release'
OS: 'Windows 10 Pro; OS build 19042.1466; Version 2009; 64bit' Language: 'ko' Physical Memory: 16163 MB
BatchMode: 1, IsHumanControllingUs: 0, StartBugReporterOnCrash: 0, Is64bit: 1, IsPro: 0

 COMMAND LINE ARGUMENTS:
C:\Program Files\Unity\Hub\Editor\2020.3.9f1\Editor\Unity.exe
-adb2
-batchMode
-noUpm
-name
AssetImportWorker0
-projectPath
C:/Users/user/Documents/GitHub/TakeCareCat/Take Care Cat
-logFile
Logs/AssetImportWorker0.log
-srvPort
52392
Successfully changed project path to: C:/Users/user/Documents/GitHub/TakeCareCat/Take Care Cat
C:/Users/user/Documents/GitHub/TakeCareCat/Take Care Cat
Using Asset Import Pipeline V2.
Refreshing native plugins compatible for Editor in 57.35 ms, found 0 plugins.
Preloading 0 native plugins for Editor in 0.00 ms.
Initialize engine version: 2020.3.9f1 (108be757e447)
[Subsystems] Discovering subsystems at path C:/Program Files/Unity/Hub/Editor/2020.3.9f1/Editor/Data/Resources/UnitySubsystems
[Subsystems] Discovering subsystems at path C:/Users/user/Documents/GitHub/TakeCareCat/Take Care Cat/Assets
GfxDevice: creating device client; threaded=0
Direct3D:
    Version:  Direct3D 11.0 [level 11.1]
    Renderer: Intel(R) UHD Graphics (ID=0x9b41)
    Vendor:   
    VRAM:     8081 MB
    Driver:   26.20.100.7463
Shader 'Universal Render Pipeline/Particles/Lit': fallback shader 'Universal Render Pipeline/Particles/SimpleLit' not found
Initialize mono
Mono path[0] = 'C:/Program Files/Unity/Hub/Editor/2020.3.9f1/Editor/Data/Managed'
Mono path[1] = 'C:/Program Files/Unity/Hub/Editor/2020.3.9f1/Editor/Data/MonoBleedingEdge/lib/mono/unityjit'
Mono config path = 'C:/Program Files/Unity/Hub/Editor/2020.3.9f1/Editor/Data/MonoBleedingEdge/etc'
Using monoOptions --debugger-agent=transport=dt_socket,embedding=1,server=y,suspend=n,address=127.0.0.1:56352
Begin MonoManager ReloadAssembly
Registering precompiled unity dll's ...
Register platform support module: C:/Program Files/Unity/Hub/Editor/2020.3.9f1/Editor/Data/PlaybackEngines/WindowsStandaloneSupport/UnityEditor.WindowsStandalone.Extensions.dll
Registered in 0.002406 seconds.
Native extension for WindowsStandalone target not found
Refreshing native plugins compatible for Editor in 59.74 ms, found 0 plugins.
Preloading 0 native plugins for Editor in 0.00 ms.
Mono: successfully reloaded assembly
- Completed reload, in  2.266 seconds
Platform modules already initialized, skipping
Registering precompiled user dll's ...
Registered in 0.002642 seconds.
Begin MonoManager ReloadAssembly
Native extension for WindowsStandalone target not found
Refreshing native plugins compatible for Editor in 69.70 ms, found 0 plugins.
Preloading 0 native plugins for Editor in 0.00 ms.
Mono: successfully reloaded assembly
- Completed reload, in  1.300 seconds
Platform modules already initialized, skipping
========================================================================
Worker process is ready to serve import requests
Shader 'Universal Render Pipeline/Particles/Lit': fallback shader 'Universal Render Pipeline/Particles/SimpleLit' not found
Launched and connected shader compiler UnityShaderCompiler.exe after 0.04 seconds
Refreshing native plugins compatible for Editor in 0.48 ms, found 0 plugins.
Preloading 0 native plugins for Editor in 0.00 ms.
Unloading 2382 Unused Serialized files (Serialized files now loaded: 0)
System memory in use before: 111.4 MB.
System memory in use after: 111.6 MB.

Unloading 11 unused Assets to reduce memory usage. Loaded Objects now: 2826.
Total: 2.520400 ms (FindLiveObjects: 0.243400 ms CreateObjectMapping: 0.119600 ms MarkObjects: 2.065100 ms  DeleteObjects: 0.091200 ms)

========================================================================
Received Import Request.
  path: Assets/UniversalRenderPipelineAsset_Renderer.asset
  artifactKey: Guid(7b63f476b579f524485070f36d138b52) Importer(815301076,1909f56bfc062723c751e8b465ee728b)
Start importing Assets/UniversalRenderPipelineAsset_Renderer.asset using Guid(7b63f476b579f524485070f36d138b52) Importer(815301076,1909f56bfc062723c751e8b465ee728b)  -> (artifact id: 'face3e852e66f7a28040ae8c3dadb3c8') in 0.079472 seconds
  Import took 0.084816 seconds .

========================================================================
Received Import Request.
  Time since last request: 0.000330 seconds.
  path: Assets/Prefabs/Player.prefab
  artifactKey: Guid(8e12982f7e997cc4990f6981e3677632) Importer(815301076,1909f56bfc062723c751e8b465ee728b)
Start importing Assets/Prefabs/Player.prefab using Guid(8e12982f7e997cc4990f6981e3677632) Importer(815301076,1909f56bfc062723c751e8b465ee728b)  -> (artifact id: '14b67a07966c93047385f0391d6710d6') in 0.171726 seconds
  Import took 0.177958 seconds .

========================================================================
Received Import Request.
  Time since last request: 0.000230 seconds.
  path: Assets/UniversalRenderPipelineAsset.asset
  artifactKey: Guid(d6b15cc48a1ba214c962073bf56d2069) Importer(815301076,1909f56bfc062723c751e8b465ee728b)
Start importing Assets/UniversalRenderPipelineAsset.asset using Guid(d6b15cc48a1ba214c962073bf56d2069) Importer(815301076,1909f56bfc062723c751e8b465ee728b)  -> (artifact id: 'f054d525dd69298b10311fb749118ed6') in 0.029709 seconds
  Import took 0.034972 seconds .

========================================================================
Received Import Request.
  Time since last request: 0.882616 seconds.
  path: Assets/Prefabs/Player 1.prefab
  artifactKey: Guid(91636cc21b3aac547907da6f00199034) Importer(815301076,1909f56bfc062723c751e8b465ee728b)
Start importing Assets/Prefabs/Player 1.prefab using Guid(91636cc21b3aac547907da6f00199034) Importer(815301076,1909f56bfc062723c751e8b465ee728b)  -> (artifact id: 'de3b2615c9c1e645ad61bafd581e9b6d') in 0.050916 seconds
  Import took 0.059163 seconds .

========================================================================
Received Import Request.
  Time since last request: 0.007838 seconds.
  path: Assets/Prefabs/Player 1.prefab
  artifactKey: Guid(91636cc21b3aac547907da6f00199034) Importer(815301076,1909f56bfc062723c751e8b465ee728b)
Start importing Assets/Prefabs/Player 1.prefab using Guid(91636cc21b3aac547907da6f00199034) Importer(815301076,1909f56bfc062723c751e8b465ee728b)  -> (artifact id: 'de3b2615c9c1e645ad61bafd581e9b6d') in 0.031995 seconds
  Import took 0.039817 seconds .

========================================================================
Received Prepare
Registering precompiled user dll's ...
Registered in 0.002207 seconds.
Begin MonoManager ReloadAssembly
Native extension for WindowsStandalone target not found
Refreshing native plugins compatible for Editor in 0.70 ms, found 0 plugins.
Preloading 0 native plugins for Editor in 0.00 ms.
Mono: successfully reloaded assembly
- Completed reload, in  1.578 seconds
Platform modules already initialized, skipping
Shader 'Universal Render Pipeline/Particles/Lit': fallback shader 'Universal Render Pipeline/Particles/SimpleLit' not found
Refreshing native plugins compatible for Editor in 0.58 ms, found 0 plugins.
Preloading 0 native plugins for Editor in 0.00 ms.
Unloading 2321 Unused Serialized files (Serialized files now loaded: 0)
System memory in use before: 122.5 MB.
System memory in use after: 122.7 MB.

Unloading 6 unused Assets to reduce memory usage. Loaded Objects now: 2837.
Total: 2.581900 ms (FindLiveObjects: 0.291000 ms CreateObjectMapping: 0.126600 ms MarkObjects: 2.095200 ms  DeleteObjects: 0.067200 ms)

========================================================================
Received Import Request.
  Time since last request: 56.509292 seconds.
  path: Assets/Prefabs/Player 1.prefab
  artifactKey: Guid(91636cc21b3aac547907da6f00199034) Importer(815301076,1909f56bfc062723c751e8b465ee728b)
Start importing Assets/Prefabs/Player 1.prefab using Guid(91636cc21b3aac547907da6f00199034) Importer(815301076,1909f56bfc062723c751e8b465ee728b)  -> (artifact id: 'bf6b3c1debb303da90d82e85d4341852') in 0.111731 seconds
  Import took 0.118827 seconds .

========================================================================
Received Import Request.
  Time since last request: 2.670825 seconds.
  path: Assets/Prefabs/Player 1.prefab
  artifactKey: Guid(91636cc21b3aac547907da6f00199034) Importer(815301076,1909f56bfc062723c751e8b465ee728b)
Start importing Assets/Prefabs/Player 1.prefab using Guid(91636cc21b3aac547907da6f00199034) Importer(815301076,1909f56bfc062723c751e8b465ee728b)  -> (artifact id: 'a4f95de1b8c255d0c92336a6c71649a0') in 0.039603 seconds
  Import took 0.046417 seconds .

========================================================================
Received Prepare
Registering precompiled user dll's ...
Registered in 0.002085 seconds.
Begin MonoManager ReloadAssembly
Native extension for WindowsStandalone target not found
Refreshing native plugins compatible for Editor in 1.39 ms, found 0 plugins.
Preloading 0 native plugins for Editor in 0.00 ms.
Mono: successfully reloaded assembly
- Completed reload, in  4.027 seconds
Platform modules already initialized, skipping
Shader 'Universal Render Pipeline/Particles/Lit': fallback shader 'Universal Render Pipeline/Particles/SimpleLit' not found
Refreshing native plugins compatible for Editor in 0.79 ms, found 0 plugins.
Preloading 0 native plugins for Editor in 0.00 ms.
Unloading 2321 Unused Serialized files (Serialized files now loaded: 0)
System memory in use before: 122.6 MB.
System memory in use after: 122.8 MB.

Unloading 6 unused Assets to reduce memory usage. Loaded Objects now: 2841.
Total: 3.108400 ms (FindLiveObjects: 0.306500 ms CreateObjectMapping: 0.151500 ms MarkObjects: 2.570300 ms  DeleteObjects: 0.078800 ms)

AssetImportWorkerClient::OnTransportError - code=2 error=End of file
